<?xml version="1.0" encoding="UTF-8"?>
<!-- Generated by org.testng.reporters.JUnitXMLReporter -->
<testsuite hostname="DESKTOP-5OHR9DS" ignored="0" name="Login Test" tests="3" failures="0" timestamp="2022-12-15T20:14:02 GMT" time="26.944" errors="0">
  <testcase name="anAustralianCominToUKForTourism" time="1.628" classname="gov.uk.check.visa.testsuite.VisaConfirmationTest"/>
  <testcase name="aChileanComingToTheUKForWorkAndPlansOnStayingForLongerThanSixMonths" time="2.35" classname="gov.uk.check.visa.testsuite.VisaConfirmationTest"/>
  <testcase name="aColumbianNationalComingToTheUKToJoinAPartnerForALongStayTheyDoHaveAnArticle10Or20Card" time="2.217" classname="gov.uk.check.visa.testsuite.VisaConfirmationTest"/>
</testsuite> <!-- Login Test -->
